Started by user [8mha:////4FKpJxkFxePguHRh8fUXMsrfvOHDB4R2/iv5F2d2YkJbAAAAlx+LCAAAAAAAAP9b85aBtbiIQTGjNKU4P08vOT+vOD8nVc83PyU1x6OyILUoJzMv2y+/JJUBAhiZGBgqihhk0NSjKDWzXb3RdlLBUSYGJk8GtpzUvPSSDB8G5tKinBIGIZ+sxLJE/ZzEvHT94JKizLx0a6BxUmjGOUNodHsLgAzeEgZu/dLi1CL9xJTczDwACG0V4sAAAAA=[0mJenkins Admin
Running as SYSTEM
Building in workspace /var/jenkins_home/workspace/ENV
[ENV] $ /bin/sh -xe /tmp/jenkins2183591054539851038.sh
+ echo BUILD NUMBER FOR THIS IS 9
BUILD NUMBER FOR THIS IS 9
+ echo BUILD ID IS 9
BUILD ID IS 9
+ echo BUILD URL IS http://jenkins.local:8080/job/ENV/9/
BUILD URL IS http://jenkins.local:8080/job/ENV/9/
+ echo JOB NAME IS ENV
JOB NAME IS ENV
+ echo Jenkins-course
Jenkins-course
+ echo USA
USA
+ echo1
/tmp/jenkins2183591054539851038.sh: 8: /tmp/jenkins2183591054539851038.sh: echo1: not found
Build step 'Execute shell' marked build as failure
Sending e-mails to: faisalkhan91@gmail.com
ERROR: 535-5.7.8 Username and Password not accepted. Learn more at
535 5.7.8  https://support.google.com/mail/?p=BadCredentials m3sm41405308qki.87 - gsmtp

javax.mail.AuthenticationFailedException: 535-5.7.8 Username and Password not accepted. Learn more at
535 5.7.8  https://support.google.com/mail/?p=BadCredentials m3sm41405308qki.87 - gsmtp

	at com.sun.mail.smtp.SMTPTransport$Authenticator.authenticate(SMTPTransport.java:809)
	at com.sun.mail.smtp.SMTPTransport.authenticate(SMTPTransport.java:752)
	at com.sun.mail.smtp.SMTPTransport.protocolConnect(SMTPTransport.java:669)
	at javax.mail.Service.connect(Service.java:317)
	at javax.mail.Service.connect(Service.java:176)
	at javax.mail.Service.connect(Service.java:125)
	at javax.mail.Transport.send0(Transport.java:194)
	at javax.mail.Transport.send(Transport.java:124)
	at hudson.tasks.MailSender.run(MailSender.java:130)
	at hudson.tasks.Mailer.perform(Mailer.java:173)
	at hudson.tasks.Mailer.perform(Mailer.java:136)
	at hudson.tasks.BuildStepMonitor$1.perform(BuildStepMonitor.java:20)
	at hudson.model.AbstractBuild$AbstractBuildExecution.perform(AbstractBuild.java:741)
	at hudson.model.AbstractBuild$AbstractBuildExecution.performAllBuildSteps(AbstractBuild.java:690)
	at hudson.model.Build$BuildExecution.post2(Build.java:186)
	at hudson.model.AbstractBuild$AbstractBuildExecution.post(AbstractBuild.java:635)
	at hudson.model.Run.execute(Run.java:1843)
	at hudson.model.FreeStyleBuild.run(FreeStyleBuild.java:43)
	at hudson.model.ResourceController.execute(ResourceController.java:97)
	at hudson.model.Executor.run(Executor.java:429)
Finished: FAILURE
